<?xml version="1.0" encoding="UTF-8"?>
<testsuite name="unittest_tests.SimpleTest-20211214153050" tests="1" file="unittest_tests.py" time="12.767" timestamp="2021-12-14T15:31:12" failures="0" errors="0" skipped="0">
	<testcase classname="unittest_tests.SimpleTest" name="testadd1" time="12.767" timestamp="2021-12-14T15:31:12"/>
</testsuite>
