<?xml version="1.0" encoding="UTF-8"?>
<testsuite name="unittest_tests.SimpleTest-20211213210025" tests="1" file="unittest_tests.py" time="0.006" timestamp="2021-12-13T21:00:27" failures="0" errors="1" skipped="0">
	<testcase classname="unittest_tests.SimpleTest" name="testadd1" time="0.006" timestamp="2021-12-13T21:00:27">
		<error type="FileNotFoundError" message="[Errno 2] No such file or directory: 'stroke_model.joblib'"><![CDATA[Traceback (most recent call last):
  File "C:\Users\aksha\AppData\Local\Programs\Python\Python39\lib\unittest\case.py", line 59, in testPartExecutor
    yield
  File "C:\Users\aksha\AppData\Local\Programs\Python\Python39\lib\unittest\case.py", line 592, in run
    self._callTestMethod(testMethod)
  File "C:\Users\aksha\AppData\Local\Programs\Python\Python39\lib\unittest\case.py", line 550, in _callTestMethod
    method()
  File "c:\users\aksha\desktop\stroke-prediction\pybuilder\src\unittest\python\unittest_tests.py", line 9, in testadd1
    self.assertEquals(predict_stroke(['Male', 45, '0', '1', 'No', 'Private', 'Urban', 51, 6, 'smokes']), "Please consult a doctor. Based on your inputs you are likely to get stroke.")
  File "c:\users\aksha\desktop\stroke-prediction\pybuilder\src\main\python\demo.py", line 6, in predict_stroke
    pipeline = load("stroke_model.joblib")
  File "C:\Users\aksha\AppData\Local\Programs\Python\Python39\lib\site-packages\joblib\numpy_pickle.py", line 579, in load
    with open(filename, 'rb') as f:
FileNotFoundError: [Errno 2] No such file or directory: 'stroke_model.joblib'
]]></error>
	</testcase>
</testsuite>
