<?xml version="1.0" encoding="UTF-8"?>
<testsuite name="unittest_tests.SimpleTest-20211219175514" tests="3" file="unittest_tests.py" time="0.894" timestamp="2021-12-19T17:55:18" failures="0" errors="0" skipped="0">
	<testcase classname="unittest_tests.SimpleTest" name="testcase1" time="0.870" timestamp="2021-12-19T17:55:18"/>
	<testcase classname="unittest_tests.SimpleTest" name="testcase2" time="0.014" timestamp="2021-12-19T17:55:18"/>
	<testcase classname="unittest_tests.SimpleTest" name="testcase3" time="0.010" timestamp="2021-12-19T17:55:18"/>
</testsuite>
