<?xml version="1.0" encoding="UTF-8"?>
<testsuite name="unittest_tests.SimpleTest-20211213233104" tests="1" file="unittest_tests.py" time="0.988" timestamp="2021-12-13T23:31:07" failures="0" errors="0" skipped="0">
	<testcase classname="unittest_tests.SimpleTest" name="testadd1" time="0.988" timestamp="2021-12-13T23:31:07"/>
</testsuite>
