<?xml version="1.0" encoding="UTF-8"?>
<testsuite name="unittest_tests.SimpleTest-20211213225123" tests="1" file="unittest_tests.py" time="1.981" timestamp="2021-12-13T22:51:29" failures="0" errors="0" skipped="0">
	<testcase classname="unittest_tests.SimpleTest" name="testadd1" time="1.981" timestamp="2021-12-13T22:51:29"/>
</testsuite>
